
> api@0.0.1 build
> nest build

[96msrc/admin/admin.controller.ts[0m:[93m114[0m:[93m7[0m - [91merror[0m[90m TS2300: [0mDuplicate identifier 'defaultSessionDurationMinutes'.

[7m114[0m       defaultSessionDurationMinutes?: number;
[7m   [0m [91m      ~~~~~~~~~~~~~~~~~~~~~~~~~~~~~[0m
[96msrc/admin/admin.controller.ts[0m:[93m115[0m:[93m7[0m - [91merror[0m[90m TS2300: [0mDuplicate identifier 'defaultSessionDurationMinutes'.

[7m115[0m       defaultSessionDurationMinutes?: number;
[7m   [0m [91m      ~~~~~~~~~~~~~~~~~~~~~~~~~~~~~[0m
[96msrc/admin/system-settings.service.ts[0m:[93m56[0m:[93m7[0m - [91merror[0m[90m TS2300: [0mDuplicate identifier 'meetingLinkAccessMinutesBefore'.

[7m56[0m       meetingLinkAccessMinutesBefore?: number; // Minutes before session when meeting link becomes accessible
[7m  [0m [91m      ~~~~~~~~~~~~~~~~~~~~~~~~~~~~~~[0m
[96msrc/admin/system-settings.service.ts[0m:[93m57[0m:[93m7[0m - [91merror[0m[90m TS2300: [0mDuplicate identifier 'meetingLinkAccessMinutesBefore'.

[7m57[0m       meetingLinkAccessMinutesBefore?: number; // Minutes before session when meeting link becomes accessible
[7m  [0m [91m      ~~~~~~~~~~~~~~~~~~~~~~~~~~~~~~[0m

Found 4 error(s).

npm error Lifecycle script `build` failed with error:
npm error code 1
npm error path /Users/omerheathrow/Sidra-Ai/apps/api
npm error workspace api@0.0.1
npm error location /Users/omerheathrow/Sidra-Ai/apps/api
npm error command failed
npm error command sh -c nest build
